#
# There is insufficient memory for the Java Runtime Environment to continue.
# Native memory allocation (malloc) failed to allocate 2111696 bytes for Chunk::new
# Possible reasons:
#   The system is out of physical RAM or swap space
#   The process is running with CompressedOops enabled, and the Java Heap may be blocking the growth of the native heap
# Possible solutions:
#   Reduce memory load on the system
#   Increase physical memory or swap space
#   Check if swap backing store is full
#   Decrease Java heap size (-Xmx/-Xms)
#   Decrease number of Java threads
#   Decrease Java thread stack sizes (-Xss)
#   Set larger code cache with -XX:ReservedCodeCacheSize=
#   JVM is running with Unscaled Compressed Oops mode in which the Java heap is
#     placed in the first 4GB address space. The Java Heap base address is the
#     maximum limit for the native heap growth. Please use -XX:HeapBaseMinAddress
#     to set the Java Heap base and to place the Java Heap above 4GB virtual address.
# This output file may be truncated or incomplete.
#
#  Out of Memory Error (allocation.cpp:389), pid=16432, tid=0x0000000000003670
#
# JRE version: OpenJDK Runtime Environment (8.0_242-b01) (build 1.8.0_242-release-1644-b01)
# Java VM: OpenJDK 64-Bit Server VM (25.242-b01 mixed mode windows-amd64 compressed oops)
# Failed to write core dump. Minidumps are not enabled by default on client versions of Windows
#

---------------  T H R E A D  ---------------

Current thread (0x0000000019d01000):  JavaThread "C2 CompilerThread0" daemon [_thread_in_native, id=13936, stack(0x000000001a5f0000,0x000000001a6f0000)]

Stack: [0x000000001a5f0000,0x000000001a6f0000]
[error occurred during error reporting (printing stack bounds), id 0xc0000005]

Native frames: (J=compiled Java code, j=interpreted, Vv=VM code, C=native code)


Current CompileTask:
C2:   4134 6424       4       org.jetbrains.org.objectweb.asm.ClassReader::readMethod (1047 bytes)


---------------  P R O C E S S  ---------------

Java Threads: ( => current thread )
  0x0000000019d9b800 JavaThread "Service Thread" daemon [_thread_blocked, id=2668, stack(0x000000001a9f0000,0x000000001aaf0000)]
  0x0000000019d13800 JavaThread "C1 CompilerThread3" daemon [_thread_in_native, id=5656, stack(0x000000001a8f0000,0x000000001a9f0000)]
  0x0000000019d08800 JavaThread "C2 CompilerThread2" daemon [_thread_in_native, id=9668, stack(0x000000001a7f0000,0x000000001a8f0000)]
  0x0000000019d08000 JavaThread "C2 CompilerThread1" daemon [_thread_in_native, id=7392, stack(0x000000001a6f0000,0x000000001a7f0000)]
=>0x0000000019d01000 JavaThread "C2 CompilerThread0" daemon [_thread_in_native, id=13936, stack(0x000000001a5f0000,0x000000001a6f0000)]
  0x0000000019cff800 JavaThread "Attach Listener" daemon [_thread_blocked, id=8768, stack(0x000000001a4f0000,0x000000001a5f0000)]
  0x0000000019d06000 JavaThread "Signal Dispatcher" daemon [_thread_blocked, id=10052, stack(0x000000001a3f0000,0x000000001a4f0000)]
  0x0000000019cf1000 JavaThread "Finalizer" daemon [_thread_blocked, id=13792, stack(0x000000001a1d0000,0x000000001a2d0000)]
  0x0000000017eec000 JavaThread "Reference Handler" daemon [_thread_blocked, id=14164, stack(0x000000001a0d0000,0x000000001a1d0000)]
  0x0000000002f46000 JavaThread "main" [_thread_in_Java, id=6776, stack(0x0000000002e40000,0x0000000002f40000)]

Other Threads:
  0x0000000017ee8000 VMThread [stack: 0x0000000019bd0000,0x0000000019cd0000] [id=16324]
  0x0000000019dac800 WatcherThread [stack: 0x000000001aaf0000,0x000000001abf0000] [id=3536]

VM state:not at safepoint (normal execution)

VM Mutex/Monitor currently owned by a thread: None

heap address: 0x0000000083600000, size: 1994 MB, Compressed Oops mode: 32-bit
Narrow klass base: 0x0000000000000000, Narrow klass shift: 3
Compressed class space size: 1073741824 Address: 0x0000000100000000

Heap:
 PSYoungGen      total 151552K, used 66620K [0x00000000d6780000, 0x00000000e4500000, 0x0000000100000000)
  eden space 136192K, 37% used [0x00000000d6780000,0x00000000d9991cd8,0x00000000dec80000)
  from space 15360K, 99% used [0x00000000e0300000,0x00000000e11fd6a8,0x00000000e1200000)
  to   space 23040K, 0% used [0x00000000dec80000,0x00000000dec80000,0x00000000e0300000)
 ParOldGen       total 109056K, used 29434K [0x0000000083600000, 0x000000008a080000, 0x00000000d6780000)
  object space 109056K, 26% used [0x0000000083600000,0x00000000852be978,0x000000008a080000)
 Metaspace       used 47828K, capacity 48762K, committed 49200K, reserved 1091584K
  class space    used 5856K, capacity 6092K, committed 6192K, reserved 1048576K

Card table byte_map: [0x0000000012400000,0x00000000127f0000] byte_map_base: 0x0000000011fe5000

Marking Bits: (ParMarkBitMap*) 0x000000005e63f030
 Begin Bits: [0x0000000013290000, 0x00000000151b8000)
 End Bits:   [0x00000000151b8000, 0x00000000170e0000)

Polling page: 0x0000000001530000

CodeCache: size=245760Kb used=20042Kb max_used=20042Kb free=225717Kb
 bounds [0x0000000003040000, 0x00000000043f0000, 0x0000000012040000]
 total_blobs=6709 nmethods=6237 adapters=384
 compilation: enabled

Compilation events (10 events):
Event: 4.121 Thread 0x0000000019d13800 6807       3       org.jetbrains.kotlin.resolve.scopes.LexicalScope$Base::definitelyDoesNotContainName (8 bytes)
Event: 4.121 Thread 0x0000000019d13800 nmethod 6807 0x00000000043d1290 code [0x00000000043d1400, 0x00000000043d1628]
Event: 4.123 Thread 0x0000000019d13800 6808       3       org.jetbrains.kotlin.com.intellij.util.WalkingState::next (221 bytes)
Event: 4.124 Thread 0x0000000019d13800 nmethod 6808 0x00000000043d1710 code [0x00000000043d1a60, 0x00000000043d36d8]
Event: 4.124 Thread 0x0000000019d13800 6809       3       org.jetbrains.kotlin.com.intellij.psi.impl.source.tree.RecursiveTreeElementWalkingVisitor$1::elementFinished (9 bytes)
Event: 4.125 Thread 0x0000000019d13800 nmethod 6809 0x00000000043d4350 code [0x00000000043d44e0, 0x00000000043d48f8]
Event: 4.125 Thread 0x0000000019d13800 6811       3       sun.reflect.ClassFileAssembler::emitInt (46 bytes)
Event: 4.125 Thread 0x0000000019d13800 nmethod 6811 0x00000000043d4a50 code [0x00000000043d4c20, 0x00000000043d5158]
Event: 4.125 Thread 0x0000000019d13800 6810       3       org.jetbrains.kotlin.psi.KtNameReferenceExpression::accept (16 bytes)
Event: 4.125 Thread 0x0000000019d13800 nmethod 6810 0x00000000043d54d0 code [0x00000000043d5660, 0x00000000043d5958]

GC Heap History (10 events):
Event: 0.941 GC heap before
{Heap before GC invocations=4 (full 1):
 PSYoungGen      total 70656K, used 5092K [0x00000000d6780000, 0x00000000df180000, 0x0000000100000000)
  eden space 65536K, 0% used [0x00000000d6780000,0x00000000d6780000,0x00000000da780000)
  from space 5120K, 99% used [0x00000000da780000,0x00000000dac79020,0x00000000dac80000)
  to   space 5120K, 0% used [0x00000000dec80000,0x00000000dec80000,0x00000000df180000)
 ParOldGen       total 86016K, used 11764K [0x0000000083600000, 0x0000000088a00000, 0x00000000d6780000)
  object space 86016K, 13% used [0x0000000083600000,0x000000008417d120,0x0000000088a00000)
 Metaspace       used 20798K, capacity 21188K, committed 21296K, reserved 1069056K
  class space    used 2457K, capacity 2594K, committed 2608K, reserved 1048576K
Event: 0.963 GC heap after
Heap after GC invocations=4 (full 1):
 PSYoungGen      total 70656K, used 0K [0x00000000d6780000, 0x00000000df180000, 0x0000000100000000)
  eden space 65536K, 0% used [0x00000000d6780000,0x00000000d6780000,0x00000000da780000)
  from space 5120K, 0% used [0x00000000da780000,0x00000000da780000,0x00000000dac80000)
  to   space 5120K, 0% used [0x00000000dec80000,0x00000000dec80000,0x00000000df180000)
 ParOldGen       total 64512K, used 9226K [0x0000000083600000, 0x0000000087500000, 0x00000000d6780000)
  object space 64512K, 14% used [0x0000000083600000,0x0000000083f029f0,0x0000000087500000)
 Metaspace       used 20798K, capacity 21188K, committed 21296K, reserved 1069056K
  class space    used 2457K, capacity 2594K, committed 2608K, reserved 1048576K
}
Event: 1.598 GC heap before
{Heap before GC invocations=5 (full 1):
 PSYoungGen      total 70656K, used 65536K [0x00000000d6780000, 0x00000000df180000, 0x0000000100000000)
  eden space 65536K, 100% used [0x00000000d6780000,0x00000000da780000,0x00000000da780000)
  from space 5120K, 0% used [0x00000000da780000,0x00000000da780000,0x00000000dac80000)
  to   space 5120K, 0% used [0x00000000dec80000,0x00000000dec80000,0x00000000df180000)
 ParOldGen       total 64512K, used 9226K [0x0000000083600000, 0x0000000087500000, 0x00000000d6780000)
  object space 64512K, 14% used [0x0000000083600000,0x0000000083f029f0,0x0000000087500000)
 Metaspace       used 29652K, capacity 30191K, committed 30512K, reserved 1075200K
  class space    used 3604K, capacity 3769K, committed 3888K, reserved 1048576K
Event: 1.610 GC heap after
Heap after GC invocations=5 (full 1):
 PSYoungGen      total 102400K, used 5090K [0x00000000d6780000, 0x00000000df180000, 0x0000000100000000)
  eden space 97280K, 0% used [0x00000000d6780000,0x00000000d6780000,0x00000000dc680000)
  from space 5120K, 99% used [0x00000000dec80000,0x00000000df178918,0x00000000df180000)
  to   space 5120K, 0% used [0x00000000de780000,0x00000000de780000,0x00000000dec80000)
 ParOldGen       total 64512K, used 19962K [0x0000000083600000, 0x0000000087500000, 0x00000000d6780000)
  object space 64512K, 30% used [0x0000000083600000,0x000000008497e898,0x0000000087500000)
 Metaspace       used 29652K, capacity 30191K, committed 30512K, reserved 1075200K
  class space    used 3604K, capacity 3769K, committed 3888K, reserved 1048576K
}
Event: 1.943 GC heap before
{Heap before GC invocations=6 (full 1):
 PSYoungGen      total 102400K, used 33273K [0x00000000d6780000, 0x00000000df180000, 0x0000000100000000)
  eden space 97280K, 28% used [0x00000000d6780000,0x00000000d8305e10,0x00000000dc680000)
  from space 5120K, 99% used [0x00000000dec80000,0x00000000df178918,0x00000000df180000)
  to   space 5120K, 0% used [0x00000000de780000,0x00000000de780000,0x00000000dec80000)
 ParOldGen       total 64512K, used 19962K [0x0000000083600000, 0x0000000087500000, 0x00000000d6780000)
  object space 64512K, 30% used [0x0000000083600000,0x000000008497e898,0x0000000087500000)
 Metaspace       used 34708K, capacity 35238K, committed 35496K, reserved 1081344K
  class space    used 4422K, capacity 4586K, committed 4656K, reserved 1048576K
Event: 1.949 GC heap after
Heap after GC invocations=6 (full 1):
 PSYoungGen      total 136192K, used 5099K [0x00000000d6780000, 0x00000000e1200000, 0x0000000100000000)
  eden space 131072K, 0% used [0x00000000d6780000,0x00000000d6780000,0x00000000de780000)
  from space 5120K, 99% used [0x00000000de780000,0x00000000dec7add8,0x00000000dec80000)
  to   space 15360K, 0% used [0x00000000e0300000,0x00000000e0300000,0x00000000e1200000)
 ParOldGen       total 64512K, used 26394K [0x0000000083600000, 0x0000000087500000, 0x00000000d6780000)
  object space 64512K, 40% used [0x0000000083600000,0x0000000084fc6850,0x0000000087500000)
 Metaspace       used 34708K, capacity 35238K, committed 35496K, reserved 1081344K
  class space    used 4422K, capacity 4586K, committed 4656K, reserved 1048576K
}
Event: 1.949 GC heap before
{Heap before GC invocations=7 (full 2):
 PSYoungGen      total 136192K, used 5099K [0x00000000d6780000, 0x00000000e1200000, 0x0000000100000000)
  eden space 131072K, 0% used [0x00000000d6780000,0x00000000d6780000,0x00000000de780000)
  from space 5120K, 99% used [0x00000000de780000,0x00000000dec7add8,0x00000000dec80000)
  to   space 15360K, 0% used [0x00000000e0300000,0x00000000e0300000,0x00000000e1200000)
 ParOldGen       total 64512K, used 26394K [0x0000000083600000, 0x0000000087500000, 0x00000000d6780000)
  object space 64512K, 40% used [0x0000000083600000,0x0000000084fc6850,0x0000000087500000)
 Metaspace       used 34708K, capacity 35238K, committed 35496K, reserved 1081344K
  class space    used 4422K, capacity 4586K, committed 4656K, reserved 1048576K
Event: 1.989 GC heap after
Heap after GC invocations=7 (full 2):
 PSYoungGen      total 136192K, used 0K [0x00000000d6780000, 0x00000000e1200000, 0x0000000100000000)
  eden space 131072K, 0% used [0x00000000d6780000,0x00000000d6780000,0x00000000de780000)
  from space 5120K, 0% used [0x00000000de780000,0x00000000de780000,0x00000000dec80000)
  to   space 15360K, 0% used [0x00000000e0300000,0x00000000e0300000,0x00000000e1200000)
 ParOldGen       total 109056K, used 18997K [0x0000000083600000, 0x000000008a080000, 0x00000000d6780000)
  object space 109056K, 17% used [0x0000000083600000,0x000000008488d458,0x000000008a080000)
 Metaspace       used 34708K, capacity 35238K, committed 35496K, reserved 1081344K
  class space    used 4422K, capacity 4586K, committed 4656K, reserved 1048576K
}
Event: 3.382 GC heap before
{Heap before GC invocations=8 (full 2):
 PSYoungGen      total 136192K, used 131072K [0x00000000d6780000, 0x00000000e1200000, 0x0000000100000000)
  eden space 131072K, 100% used [0x00000000d6780000,0x00000000de780000,0x00000000de780000)
  from space 5120K, 0% used [0x00000000de780000,0x00000000de780000,0x00000000dec80000)
  to   space 15360K, 0% used [0x00000000e0300000,0x00000000e0300000,0x00000000e1200000)
 ParOldGen       total 109056K, used 18997K [0x0000000083600000, 0x000000008a080000, 0x00000000d6780000)
  object space 109056K, 17% used [0x0000000083600000,0x000000008488d458,0x000000008a080000)
 Metaspace       used 43811K, capacity 44580K, committed 44848K, reserved 1089536K
  class space    used 5352K, capacity 5563K, committed 5680K, reserved 1048576K
Event: 3.402 GC heap after
Heap after GC invocations=8 (full 2):
 PSYoungGen      total 151552K, used 15349K [0x00000000d6780000, 0x00000000e4500000, 0x0000000100000000)
  eden space 136192K, 0% used [0x00000000d6780000,0x00000000d6780000,0x00000000dec80000)
  from space 15360K, 99% used [0x00000000e0300000,0x00000000e11fd6a8,0x00000000e1200000)
  to   space 23040K, 0% used [0x00000000dec80000,0x00000000dec80000,0x00000000e0300000)
 ParOldGen       total 109056K, used 29434K [0x0000000083600000, 0x000000008a080000, 0x00000000d6780000)
  object space 109056K, 26% used [0x0000000083600000,0x00000000852be978,0x000000008a080000)
 Metaspace       used 43811K, capacity 44580K, committed 44848K, reserved 1089536K
  class space    used 5352K, capacity 5563K, committed 5680K, reserved 1048576K
}

Deoptimization events (10 events):
Event: 3.932 Thread 0x0000000002f46000 Uncommon trap: reason=class_check action=maybe_recompile pc=0x00000000041bc104 method=org.jetbrains.kotlin.types.TypeUtils.contains(Lorg/jetbrains/kotlin/types/KotlinType;Lkotlin/jvm/functions/Function1;Ljava/util/HashSet;)Z @ 62
Event: 3.933 Thread 0x0000000002f46000 Uncommon trap: reason=bimorphic action=maybe_recompile pc=0x00000000040ffef0 method=org.jetbrains.kotlin.resolve.OverridingUtil.collectOverriddenDeclarations(Lorg/jetbrains/kotlin/descriptors/CallableMemberDescriptor;Ljava/util/Set;)V @ 47
Event: 3.967 Thread 0x0000000002f46000 Uncommon trap: reason=speculate_class_check action=maybe_recompile pc=0x0000000004275714 method=org.jetbrains.kotlin.types.checker.ClassicTypeSystemContext$DefaultImpls.asSimpleType(Lorg/jetbrains/kotlin/types/checker/ClassicTypeSystemContext;Lorg/jetbrai
Event: 3.967 Thread 0x0000000002f46000 Uncommon trap: reason=speculate_class_check action=maybe_recompile pc=0x0000000004275714 method=org.jetbrains.kotlin.types.checker.ClassicTypeSystemContext$DefaultImpls.asSimpleType(Lorg/jetbrains/kotlin/types/checker/ClassicTypeSystemContext;Lorg/jetbrai
Event: 4.035 Thread 0x0000000002f46000 Uncommon trap: reason=speculate_class_check action=maybe_recompile pc=0x00000000042de180 method=org.jetbrains.kotlin.types.checker.ClassicTypeSystemContext$DefaultImpls.asSimpleType(Lorg/jetbrains/kotlin/types/checker/ClassicTypeSystemContext;Lorg/jetbrai
Event: 4.061 Thread 0x0000000002f46000 Uncommon trap: reason=class_check action=maybe_recompile pc=0x0000000004277f3c method=org.jetbrains.kotlin.types.AbstractClassTypeConstructor.equals(Ljava/lang/Object;)Z @ 38
Event: 4.062 Thread 0x0000000002f46000 Uncommon trap: reason=class_check action=maybe_recompile pc=0x0000000004277f3c method=org.jetbrains.kotlin.types.AbstractClassTypeConstructor.equals(Ljava/lang/Object;)Z @ 38
Event: 4.062 Thread 0x0000000002f46000 Uncommon trap: reason=class_check action=maybe_recompile pc=0x0000000004277f3c method=org.jetbrains.kotlin.types.AbstractClassTypeConstructor.equals(Ljava/lang/Object;)Z @ 38
Event: 4.062 Thread 0x0000000002f46000 Uncommon trap: reason=class_check action=maybe_recompile pc=0x0000000004277f3c method=org.jetbrains.kotlin.types.AbstractClassTypeConstructor.equals(Ljava/lang/Object;)Z @ 38
Event: 4.063 Thread 0x0000000002f46000 Uncommon trap: reason=speculate_class_check action=maybe_recompile pc=0x00000000042de180 method=org.jetbrains.kotlin.types.checker.ClassicTypeSystemContext$DefaultImpls.asSimpleType(Lorg/jetbrains/kotlin/types/checker/ClassicTypeSystemContext;Lorg/jetbrai

Classes redefined (0 events):
No events

Internal exceptions (10 events):
Event: 2.021 Thread 0x0000000002f46000 Exception <a 'java/lang/NoSuchMethodError': java.lang.Object.lambda$static$0(I)[Lorg/jetbrains/kotlin/psi/KtTypeElement;> (0x00000000d6aa2288) thrown at [C:\src\AOSP-openjdk-git\hotspot\src\share\vm\interpreter\linkResolver.cpp, line 620]
Event: 2.449 Thread 0x0000000002f46000 Exception <a 'java/lang/NoSuchMethodError': java.lang.Object.lambda$static$0(I)[Lorg/jetbrains/kotlin/com/intellij/psi/PsiClass;> (0x00000000d9de95a0) thrown at [C:\src\AOSP-openjdk-git\hotspot\src\share\vm\interpreter\linkResolver.cpp, line 620]
Event: 2.867 Thread 0x0000000002f46000 Implicit null exception at 0x0000000003b20354 to 0x0000000003b20645
Event: 2.867 Thread 0x0000000002f46000 Implicit null exception at 0x0000000003a84aaf to 0x0000000003a84aed
Event: 3.212 Thread 0x0000000002f46000 Implicit null exception at 0x000000000401839f to 0x00000000040188c1
Event: 3.407 Thread 0x0000000002f46000 Implicit null exception at 0x000000000379eb4c to 0x000000000379ec29
Event: 3.414 Thread 0x0000000002f46000 Implicit null exception at 0x0000000003743f52 to 0x0000000003744b51
Event: 3.414 Thread 0x0000000002f46000 Implicit null exception at 0x000000000343e4bb to 0x000000000343ea8d
Event: 3.416 Thread 0x0000000002f46000 Implicit null exception at 0x00000000032b302f to 0x00000000032b3099
Event: 3.449 Thread 0x0000000002f46000 Exception <a 'java/lang/IncompatibleClassChangeError': Found class java.lang.Object, but interface was expected> (0x00000000d69d50b8) thrown at [C:\src\AOSP-openjdk-git\hotspot\src\share\vm\interpreter\linkResolver.cpp, line 653]

Events (10 events):
Event: 4.069 loading class org/jetbrains/kotlin/resolve/calls/inference/ConstraintSystemImpl$WhenMappings
Event: 4.069 loading class org/jetbrains/kotlin/resolve/calls/inference/ConstraintSystemImpl$WhenMappings done
Event: 4.073 Executing VM operation: ForceSafepoint
Event: 4.073 Executing VM operation: ForceSafepoint done
Event: 4.094 Executing VM operation: EnableBiasedLocking
Event: 4.094 Executing VM operation: EnableBiasedLocking done
Event: 4.118 loading class org/jetbrains/kotlin/resolve/AnnotationChecker$checkPropertyUseSiteTargetAnnotations$1
Event: 4.118 loading class org/jetbrains/kotlin/resolve/AnnotationChecker$checkPropertyUseSiteTargetAnnotations$1 done
Event: 4.119 loading class org/jetbrains/kotlin/resolve/LateinitModifierApplicabilityChecker
Event: 4.119 loading class org/jetbrains/kotlin/resolve/LateinitModifierApplicabilityChecker done


Dynamic libraries:
0x00007ff674d90000 - 0x00007ff674dc1000 	C:\Program Files\Android\Android Studio\jre\jre\bin\java.exe
0x00007ffa29ee0000 - 0x00007ffa2a0d0000 	C:\Windows\SYSTEM32\ntdll.dll
0x00007ffa282d0000 - 0x00007ffa28382000 	C:\Windows\System32\KERNEL32.DLL
0x00007ffa27840000 - 0x00007ffa27ae5000 	C:\Windows\System32\KERNELBASE.dll
0x00007ffa29d30000 - 0x00007ffa29dd3000 	C:\Windows\System32\ADVAPI32.dll
0x00007ffa288a0000 - 0x00007ffa2893e000 	C:\Windows\System32\msvcrt.dll
0x00007ffa28390000 - 0x00007ffa28427000 	C:\Windows\System32\sechost.dll
0x00007ffa29070000 - 0x00007ffa29190000 	C:\Windows\System32\RPCRT4.dll
0x00007ffa280c0000 - 0x00007ffa28254000 	C:\Windows\System32\USER32.dll
0x00007ffa27f60000 - 0x00007ffa27f81000 	C:\Windows\System32\win32u.dll
0x00007ffa29040000 - 0x00007ffa29066000 	C:\Windows\System32\GDI32.dll
0x00007ffa27d40000 - 0x00007ffa27ed6000 	C:\Windows\System32\gdi32full.dll
0x00007ffa26fe0000 - 0x00007ffa2707e000 	C:\Windows\System32\msvcp_win.dll
0x00007ffa26ee0000 - 0x00007ffa26fda000 	C:\Windows\System32\ucrtbase.dll
0x00007ffa07d90000 - 0x00007ffa08014000 	C:\Windows\WinSxS\amd64_microsoft.windows.common-controls_6595b64144ccf1df_6.0.18362.1198_none_9e820b57e45ad92f\COMCTL32.dll
0x00007ffa289b0000 - 0x00007ffa28ce5000 	C:\Windows\System32\combase.dll
0x00007ffa27ee0000 - 0x00007ffa27f60000 	C:\Windows\System32\bcryptPrimitives.dll
0x00007ffa29230000 - 0x00007ffa2925e000 	C:\Windows\System32\IMM32.DLL
0x000000005d440000 - 0x000000005d512000 	C:\Program Files\Android\Android Studio\jre\jre\bin\msvcr100.dll
0x000000005de70000 - 0x000000005e6bb000 	C:\Program Files\Android\Android Studio\jre\jre\bin\server\jvm.dll
0x00007ffa29af0000 - 0x00007ffa29af8000 	C:\Windows\System32\PSAPI.DLL
0x00007ffa0d440000 - 0x00007ffa0d449000 	C:\Windows\SYSTEM32\WSOCK32.dll
0x00007ffa28940000 - 0x00007ffa289af000 	C:\Windows\System32\WS2_32.dll
0x00007ffa1f130000 - 0x00007ffa1f154000 	C:\Windows\SYSTEM32\WINMM.dll
0x00007ffa1cae0000 - 0x00007ffa1caea000 	C:\Windows\SYSTEM32\VERSION.dll
0x00007ffa1f100000 - 0x00007ffa1f12d000 	C:\Windows\SYSTEM32\winmmbase.dll
0x00007ffa27cf0000 - 0x00007ffa27d3a000 	C:\Windows\System32\cfgmgr32.dll
0x00007ffa05ff0000 - 0x00007ffa05fff000 	C:\Program Files\Android\Android Studio\jre\jre\bin\verify.dll
0x00007ffa05a90000 - 0x00007ffa05ab9000 	C:\Program Files\Android\Android Studio\jre\jre\bin\java.dll
0x00007ffa05d50000 - 0x00007ffa05d66000 	C:\Program Files\Android\Android Studio\jre\jre\bin\zip.dll
0x00007ffa29400000 - 0x00007ffa29ae7000 	C:\Windows\System32\SHELL32.dll
0x00007ffa28f30000 - 0x00007ffa28fd9000 	C:\Windows\System32\shcore.dll
0x00007ffa27080000 - 0x00007ffa27801000 	C:\Windows\System32\windows.storage.dll
0x00007ffa26df0000 - 0x00007ffa26e13000 	C:\Windows\System32\profapi.dll
0x00007ffa26da0000 - 0x00007ffa26dea000 	C:\Windows\System32\powrprof.dll
0x00007ffa26d90000 - 0x00007ffa26da0000 	C:\Windows\System32\UMPDC.dll
0x00007ffa28fe0000 - 0x00007ffa29032000 	C:\Windows\System32\shlwapi.dll
0x00007ffa26e40000 - 0x00007ffa26e51000 	C:\Windows\System32\kernel.appcore.dll
0x00007ffa26ec0000 - 0x00007ffa26ed7000 	C:\Windows\System32\cryptsp.dll
0x00007ffa05a20000 - 0x00007ffa05a3a000 	C:\Program Files\Android\Android Studio\jre\jre\bin\net.dll
0x00007ffa265e0000 - 0x00007ffa26647000 	C:\Windows\system32\mswsock.dll
0x00007ffa05a00000 - 0x00007ffa05a13000 	C:\Program Files\Android\Android Studio\jre\jre\bin\nio.dll

VM Arguments:
java_command: org.jetbrains.kotlin.cli.jvm.K2JVMCompiler -Xallow-no-source-files -classpath C:\Users\Apolo\Documents\Proyectos Android Studio\Tienda\app\build\intermediates\compile_and_runtime_not_namespaced_r_class_jar\debug\R.jar;C:\Users\Apolo\.gradle\caches\transforms-2\files-2.1\5c50053f67f9bac7aff612bb0ae4e21a\jetified-ojdbc14_2.jar;C:\Users\Apolo\.gradle\caches\transforms-2\files-2.1\3d6077e92a1e603a8c40332e9b15b91e\jetified-kotlin-android-extensions-runtime-1.3.72.jar;C:\Users\Apolo\.gradle\caches\transforms-2\files-2.1\6241f4eb0d47049c01bae33a7859d645\jetified-core-ktx-1.2.0-api.jar;C:\Users\Apolo\.gradle\caches\transforms-2\files-2.1\4ed8813dec9631a116b534b70dadf4e2\jetified-kotlin-stdlib-1.3.72.jar;C:\Users\Apolo\.gradle\caches\transforms-2\files-2.1\8eb38228835690c49fe8f71143bc8ed0\jetified-kotlin-stdlib-common-1.3.72.jar;C:\Users\Apolo\.gradle\caches\transforms-2\files-2.1\db84eb96dcb41b8023dfc5a17e7a034b\jetified-annotations-13.0.jar;C:\Users\Apolo\.gradle\caches\transforms-2\files-2.1\67f194f37a4c12990840a012d199a905\material-1.1.0-api.jar;C:\Users\Apolo\.gradle\caches\transforms-2\files-2.1\e720db7641224d40ec5fa2c30bc6bfe9\constraintlayout-2.0.2-api.jar;C:\Users\Apolo\.gradle\caches\transforms-2\files-2.1\93778d03209b703b2835651278c910a2\appcompat-1.2.0-api.jar;C:\Users\Apolo\.gradle\caches\transforms-2\files-2.1\3f2e8a133ef34e39369b2d67ce99cd1a\jetified-viewpager2-1.0.0-api.jar;C:\Users\Apolo\.gradle\caches\transforms-2\files-2.1\7d1133262a8486552f8acc761ea93c37\fragment-1.1.0-api.jar;C:\Users\Apolo\.gradle\caches\transforms-2\files-2.1\7c7245778409a672f74c0187bbc59faf\jetified-appcompat-resources-1.2.0-api.jar;C:\Users\Apolo\.gradle\caches\transforms-2\files-2.1\670dabcb09c043da64eaad9bdc440b3d\drawerlayout-1.0.0-api.jar;C:\Users\Apolo\.gradle\caches\transforms-2\files-2.1\b373091efafd655c162635c4a38399b1\coordinatorlayout-1.1.0-api.jar;C:\Users\Apolo\.gradle\caches\transforms-2\files-2.1\c2f517fbc601ef2609a9f70a32732044\recyclerview-1.1.0-api.ja
java_class_path (initial): C:\Users\Apolo\.gradle\caches\modules-2\files-2.1\org.jetbrains.kotlin\kotlin-compiler-embeddable\1.3.72\fb72232c8fa977d5e07d33c43381ddbdc5edab6\kotlin-compiler-embeddable-1.3.72.jar;C:\Users\Apolo\.gradle\caches\modules-2\files-2.1\org.jetbrains.kotlin\kotlin-reflect\1.3.72\86613e1a669a701b0c660bfd2af4f82a7ae11fca\kotlin-reflect-1.3.72.jar;C:\Users\Apolo\.gradle\caches\modules-2\files-2.1\org.jetbrains.kotlin\kotlin-stdlib\1.3.72\8032138f12c0180bc4e51fe139d4c52b46db6109\kotlin-stdlib-1.3.72.jar;C:\Users\Apolo\.gradle\caches\modules-2\files-2.1\org.jetbrains.kotlin\kotlin-script-runtime\1.3.72\657d8d34d91e1964b4439378c09933e840bfe8d5\kotlin-script-runtime-1.3.72.jar;C:\Users\Apolo\.gradle\caches\modules-2\files-2.1\org.jetbrains.kotlin\kotlin-daemon-embeddable\1.3.72\53bbaa2816dbf6bdb85f629451b1fcc88f2164d2\kotlin-daemon-embeddable-1.3.72.jar;C:\Users\Apolo\.gradle\caches\modules-2\files-2.1\org.jetbrains.intellij.deps\trove4j\1.0.20181211\216c2e14b070f334479d800987affe4054cd563f\trove4j-1.0.20181211.jar;C:\Users\Apolo\.gradle\caches\modules-2\files-2.1\org.jetbrains.kotlin\kotlin-stdlib-common\1.3.72\6ca8bee3d88957eaaaef077c41c908c9940492d8\kotlin-stdlib-common-1.3.72.jar;C:\Users\Apolo\.gradle\caches\modules-2\files-2.1\org.jetbrains\annotations\13.0\919f0dfe192fb4e063e7dacadee7f8bb9a2672a9\annotations-13.0.jar;C:\Program Files\Android\Android Studio\jre\lib\tools.jar
Launcher Type: SUN_STANDARD

Environment Variables:
PATH=C:\Program Files\Common Files\Oracle\Java\javapath;C:\Program Files (x86)\Common Files\Oracle\Java\javapath;C:\orant\bin;C:\Windows\system32;C:\Windows;C:\Windows\System32\Wbem;C:\Windows\System32\WindowsPowerShell\v1.0\;C:\Windows\System32\OpenSSH\;C:\orant\jdk\bin;C:\Program Files (x86)\Intel\Intel(R) Memory And Storage Tool\;C:\Program Files\Git\cmd;C:\Users\Apolo\AppData\Local\Microsoft\WindowsApps;
USERNAME=Apolo
OS=Windows_NT
PROCESSOR_IDENTIFIER=Intel64 Family 6 Model 126 Stepping 5, GenuineIntel



---------------  S Y S T E M  ---------------

OS: Windows 10.0 , 64 bit Build 18362 (10.0.18362.1110)

CPU:total 8 (initial active 8) (4 cores per cpu, 2 threads per core) family 6 model 126 stepping 5, cmov, cx8, fxsr, mmx, sse, sse2, sse3, ssse3, sse4.1, sse4.2, popcnt, avx, avx2, aes, clmul, erms, 3dnowpref, lzcnt, ht, tsc, tscinvbit, bmi1, bmi2, adx

Memory: 4k page, physical 8165048k(496448k free), swap 11736884k(6664k free)

vm_info: OpenJDK 64-Bit Server VM (25.242-b01) for windows-amd64 JRE (1.8.0_242-release-1644-b01), built by "builder" with MS VC++ 10.0 (VS2010)

time: Thu Dec 03 15:20:25 2020
timezone: Hora de verano de Paraguay
elapsed time: 4 seconds (0d 0h 0m 4s)

